This file contains any messages produced by compilers while
running configure, to aid debugging if configure makes a mistake.

It was created by configure, which was
generated by GNU Autoconf 2.62.  Invocation command line was

  $ ./configure --prefix=/home/ben/software/install

## --------- ##
## Platform. ##
## --------- ##

hostname = mikan
uname -m = i386
uname -r = 7.2-RELEASE
uname -s = FreeBSD
uname -v = FreeBSD 7.2-RELEASE #0: Sun May 17 20:22:54 JST 2009     root@:/usr/obj/usr/src/sys/GENERIC 

/usr/bin/uname -p = i386
/bin/uname -X     = unknown

/bin/arch              = unknown
/usr/bin/arch -k       = unknown
/usr/convex/getsysinfo = unknown
/usr/bin/hostinfo      = unknown
/bin/machine           = unknown
/usr/bin/oslevel       = unknown
/bin/universe          = unknown

PATH: /home/ben/bin
PATH: /home/ben/software/install/bin
PATH: /home/ben/bin
PATH: /home/ben/software/install/bin
PATH: /sbin
PATH: /bin
PATH: /usr/sbin
PATH: /usr/bin
PATH: /usr/games
PATH: /usr/local/sbin
PATH: /usr/local/bin
PATH: /home/ben/bin


## ----------- ##
## Core tests. ##
## ----------- ##

configure:1797: checking whether make sets $(MAKE)
configure:1819: result: yes
configure:1833: checking for flex
configure:1849: found /home/ben/software/install/bin/flex
configure:1860: result: flex
configure:1871: checking for cfunctions
configure:1887: found /home/ben/software/install/bin/cfunctions
configure:1899: result: cfunctions
configure:1909: checking for bzip2
configure:1925: found /usr/bin/bzip2
configure:1936: result: bzip2
configure:1946: checking for perl
configure:1964: found /home/ben/software/install/bin/perl
configure:1977: result: /home/ben/software/install/bin/perl
configure:2030: checking for a BSD-compatible install
configure:2098: result: /usr/bin/install -c
configure:2158: checking for gcc
configure:2174: found /usr/bin/gcc
configure:2185: result: gcc
configure:2423: checking for C compiler version
configure:2431: gcc --version >&5
gcc (GCC) 4.2.1 20070719  [FreeBSD]
Copyright (C) 2007 Free Software Foundation, Inc.
This is free software; see the source for copying conditions.  There is NO
warranty; not even for MERCHANTABILITY or FITNESS FOR A PARTICULAR PURPOSE.

configure:2435: $? = 0
configure:2442: gcc -v >&5
Using built-in specs.
Target: i386-undermydesk-freebsd
Configured with: FreeBSD/i386 system compiler
Thread model: posix
gcc version 4.2.1 20070719  [FreeBSD]
configure:2446: $? = 0
configure:2453: gcc -V >&5
gcc: '-V' option must have argument
configure:2457: $? = 1
configure:2480: checking for C compiler default output file name
configure:2502: gcc    conftest.c  >&5
configure:2506: $? = 0
configure:2544: result: a.out
configure:2561: checking whether the C compiler works
configure:2571: ./a.out
configure:2575: $? = 0
configure:2592: result: yes
configure:2599: checking whether we are cross compiling
configure:2601: result: no
configure:2604: checking for suffix of executables
configure:2611: gcc -o conftest    conftest.c  >&5
configure:2615: $? = 0
configure:2639: result: 
configure:2645: checking for suffix of object files
configure:2671: gcc -c   conftest.c >&5
configure:2675: $? = 0
configure:2698: result: o
configure:2702: checking whether we are using the GNU C compiler
configure:2731: gcc -c   conftest.c >&5
configure:2738: $? = 0
configure:2755: result: yes
configure:2764: checking whether gcc accepts -g
configure:2794: gcc -c -g  conftest.c >&5
configure:2801: $? = 0
configure:2902: result: yes
configure:2919: checking for gcc option to accept ISO C89
configure:2993: gcc  -c -g -O2  conftest.c >&5
configure:3000: $? = 0
configure:3023: result: none needed
configure:3072: checking how to run the C preprocessor
configure:3112: gcc -E  conftest.c
configure:3119: $? = 0
configure:3150: gcc -E  conftest.c
conftest.c:8:28: error: ac_nonexistent.h: No such file or directory
configure:3157: $? = 1
configure: failed program was:
| /* confdefs.h.  */
| #define PACKAGE_NAME ""
| #define PACKAGE_TARNAME ""
| #define PACKAGE_VERSION ""
| #define PACKAGE_STRING ""
| #define PACKAGE_BUGREPORT ""
| /* end confdefs.h.  */
| #include <ac_nonexistent.h>
configure:3190: result: gcc -E
configure:3219: gcc -E  conftest.c
configure:3226: $? = 0
configure:3257: gcc -E  conftest.c
conftest.c:8:28: error: ac_nonexistent.h: No such file or directory
configure:3264: $? = 1
configure: failed program was:
| /* confdefs.h.  */
| #define PACKAGE_NAME ""
| #define PACKAGE_TARNAME ""
| #define PACKAGE_VERSION ""
| #define PACKAGE_STRING ""
| #define PACKAGE_BUGREPORT ""
| /* end confdefs.h.  */
| #include <ac_nonexistent.h>
configure:3302: checking for sys/wait.h that is POSIX.1 compatible
configure:3338: gcc -c -g3 -Wall  conftest.c >&5
configure:3345: $? = 0
configure:3360: result: yes
configure:3371: checking for grep that handles long lines and -e
configure:3431: result: /usr/bin/grep
configure:3436: checking for egrep
configure:3500: result: /usr/bin/grep -E
configure:3505: checking for ANSI C header files
configure:3535: gcc -c -g3 -Wall  conftest.c >&5
configure:3542: $? = 0
configure:3641: gcc -o conftest -g3 -Wall   conftest.c  >&5
configure:3645: $? = 0
configure:3651: ./conftest
configure:3655: $? = 0
configure:3673: result: yes
configure:3697: checking for sys/types.h
configure:3718: gcc -c -g3 -Wall  conftest.c >&5
configure:3725: $? = 0
configure:3742: result: yes
configure:3697: checking for sys/stat.h
configure:3718: gcc -c -g3 -Wall  conftest.c >&5
configure:3725: $? = 0
configure:3742: result: yes
configure:3697: checking for stdlib.h
configure:3718: gcc -c -g3 -Wall  conftest.c >&5
configure:3725: $? = 0
configure:3742: result: yes
configure:3697: checking for string.h
configure:3718: gcc -c -g3 -Wall  conftest.c >&5
configure:3725: $? = 0
configure:3742: result: yes
configure:3697: checking for memory.h
configure:3718: gcc -c -g3 -Wall  conftest.c >&5
configure:3725: $? = 0
configure:3742: result: yes
configure:3697: checking for strings.h
configure:3718: gcc -c -g3 -Wall  conftest.c >&5
configure:3725: $? = 0
configure:3742: result: yes
configure:3697: checking for inttypes.h
configure:3718: gcc -c -g3 -Wall  conftest.c >&5
configure:3725: $? = 0
configure:3742: result: yes
configure:3697: checking for stdint.h
configure:3718: gcc -c -g3 -Wall  conftest.c >&5
configure:3725: $? = 0
configure:3742: result: yes
configure:3697: checking for unistd.h
configure:3718: gcc -c -g3 -Wall  conftest.c >&5
configure:3725: $? = 0
configure:3742: result: yes
configure:3760: checking for unistd.h
configure:3767: result: yes
configure:3905: checking for getopt_long
configure:3961: gcc -o conftest -g3 -Wall   conftest.c  >&5
configure:3968: $? = 0
configure:3990: result: yes
configure:4012: checking for gcov
configure:4028: found /usr/bin/gcov
configure:4039: result: gcov
configure:4050: checking for makeinfo
configure:4066: found /usr/bin/makeinfo
configure:4077: result: makeinfo
configure:4091: checking for texi2html
configure:4107: found /usr/local/bin/texi2html
configure:4118: result: texi2html
configure:4154: checking for strstr
configure:4210: gcc -o conftest -g3 -Wall  -DCFUNCTIONS_DEBUG  conftest.c  >&5
conftest.c:44: warning: conflicting types for built-in function 'strstr'
configure:4217: $? = 0
configure:4239: result: yes
configure:4262: checking for strerror
configure:4318: gcc -o conftest -g3 -Wall  -DCFUNCTIONS_DEBUG  conftest.c  >&5
configure:4325: $? = 0
configure:4347: result: yes
configure:4370: checking for strdup
configure:4426: gcc -o conftest -g3 -Wall  -DCFUNCTIONS_DEBUG  conftest.c  >&5
conftest.c:46: warning: conflicting types for built-in function 'strdup'
configure:4433: $? = 0
configure:4455: result: yes
configure:4613: creating ./config.status

## ---------------------- ##
## Running config.status. ##
## ---------------------- ##

This file was extended by config.status, which was
generated by GNU Autoconf 2.62.  Invocation command line was

  CONFIG_FILES    = 
  CONFIG_HEADERS  = 
  CONFIG_LINKS    = 
  CONFIG_COMMANDS = 
  $ ./config.status 

on mikan

config.status:760: creating Makefile
config.status:760: creating doc/version.texi
config.status:760: creating tests/test.perl
config.status:760: creating doc/index.html
config.status:760: creating src/config.h
config.status:760: creating doc/man.head
config.status:760: creating src/Makefile
config.status:760: creating doc/Makefile
config.status:760: creating src/defines.h
config.status:976: src/defines.h is unchanged

## ---------------- ##
## Cache variables. ##
## ---------------- ##

ac_cv_c_compiler_gnu=yes
ac_cv_env_CC_set=''
ac_cv_env_CC_value=''
ac_cv_env_CFLAGS_set=''
ac_cv_env_CFLAGS_value=''
ac_cv_env_CPPFLAGS_set=''
ac_cv_env_CPPFLAGS_value=''
ac_cv_env_CPP_set=''
ac_cv_env_CPP_value=''
ac_cv_env_LDFLAGS_set=''
ac_cv_env_LDFLAGS_value=''
ac_cv_env_LIBS_set=''
ac_cv_env_LIBS_value=''
ac_cv_env_build_alias_set=''
ac_cv_env_build_alias_value=''
ac_cv_env_host_alias_set=''
ac_cv_env_host_alias_value=''
ac_cv_env_target_alias_set=''
ac_cv_env_target_alias_value=''
ac_cv_func_getopt_long=yes
ac_cv_func_strdup=yes
ac_cv_func_strerror=yes
ac_cv_func_strstr=yes
ac_cv_header_inttypes_h=yes
ac_cv_header_memory_h=yes
ac_cv_header_stdc=yes
ac_cv_header_stdint_h=yes
ac_cv_header_stdlib_h=yes
ac_cv_header_string_h=yes
ac_cv_header_strings_h=yes
ac_cv_header_sys_stat_h=yes
ac_cv_header_sys_types_h=yes
ac_cv_header_sys_wait_h=yes
ac_cv_header_unistd_h=yes
ac_cv_objext=o
ac_cv_path_EGREP='/usr/bin/grep -E'
ac_cv_path_GREP=/usr/bin/grep
ac_cv_path_PERL=/home/ben/software/install/bin/perl
ac_cv_path_install='/usr/bin/install -c'
ac_cv_prog_BZIP2=bzip2
ac_cv_prog_CFUNCTIONS=cfunctions
ac_cv_prog_CPP='gcc -E'
ac_cv_prog_FLEX=flex
ac_cv_prog_GCOV=gcov
ac_cv_prog_MAKEINFO=makeinfo
ac_cv_prog_TEXI2HTML=texi2html
ac_cv_prog_ac_ct_CC=gcc
ac_cv_prog_cc_c89=''
ac_cv_prog_cc_g=yes
ac_cv_prog_make_make_set=yes

## ----------------- ##
## Output variables. ##
## ----------------- ##

BZIP2='bzip2'
CC='gcc'
CFLAGS='-g3 -Wall'
CFUNCTIONS='cfunctions'
CFUNCTIONS_MAJOR_VERSION='0'
CFUNCTIONS_MINOR_VERSION='26'
CFUNCTIONS_URL='http://cfunctions.sourceforge.net/'
COPYRIGHT_YEAR='2009'
CPP='gcc -E'
CPPFLAGS=' -DCFUNCTIONS_DEBUG'
CWD='/usr/home/ben/cfunctions/current'
DATE='FRI APR 16 15:27:31 JST 2010'
DEFS='-DHAVE_CONFIG_H'
DOC_TARGETS=' info html'
ECHO_C=''
ECHO_N='-n'
ECHO_T=''
EGREP='/usr/bin/grep -E'
EXEEXT=''
FLEX='flex'
FLEX_CFLAGS='-Wno-unused'
GCC='yes'
GCOV='gcov'
GREP='/usr/bin/grep'
INSTALL_DATA='${INSTALL} -m 644'
INSTALL_PROGRAM='${INSTALL}'
INSTALL_SCRIPT='${INSTALL}'
LDFLAGS=''
LIBOBJS=''
LIBS=''
LTLIBOBJS=''
MAINTAINER='benkasminbullock@gmail.com'
MAKEINFO='makeinfo'
MAN_DATE='16 Apr 2010'
OBJEXT='o'
PACKAGE_BUGREPORT=''
PACKAGE_NAME=''
PACKAGE_STRING=''
PACKAGE_TARNAME=''
PACKAGE_VERSION=''
PATH_SEPARATOR=':'
PERL='/home/ben/software/install/bin/perl'
PERL_MAINTAINER='benkasminbullock^gmail.com'
SET_MAKE=''
SHELL='/bin/sh'
TEXI2HTML='texi2html'
TEXIMAINTAINER='benkasminbullock@@gmail.com'
URL='http://cfunctions.sourceforge.net/'
VERSION='0.26'
ac_ct_CC='gcc'
bindir='${exec_prefix}/bin'
build_alias=''
datadir='${datarootdir}'
datarootdir='${prefix}/share'
docdir='${datarootdir}/doc/${PACKAGE}'
dvidir='${docdir}'
exec_prefix='${prefix}'
host_alias=''
htmldir='${docdir}'
includedir='${prefix}/include'
infodir='${datarootdir}/info'
libdir='${exec_prefix}/lib'
libexecdir='${exec_prefix}/libexec'
localedir='${datarootdir}/locale'
localstatedir='${prefix}/var'
mandir='${datarootdir}/man'
oldincludedir='/usr/include'
pdfdir='${docdir}'
prefix='/home/ben/software/install'
program_transform_name='s,x,x,'
psdir='${docdir}'
sbindir='${exec_prefix}/sbin'
sharedstatedir='${prefix}/com'
sysconfdir='${prefix}/etc'
target_alias=''

## ----------- ##
## confdefs.h. ##
## ----------- ##

#define PACKAGE_NAME ""
#define PACKAGE_TARNAME ""
#define PACKAGE_VERSION ""
#define PACKAGE_STRING ""
#define PACKAGE_BUGREPORT ""
#define HAVE_SYS_WAIT_H 1
#define STDC_HEADERS 1
#define HAVE_SYS_TYPES_H 1
#define HAVE_SYS_STAT_H 1
#define HAVE_STDLIB_H 1
#define HAVE_STRING_H 1
#define HAVE_MEMORY_H 1
#define HAVE_STRINGS_H 1
#define HAVE_INTTYPES_H 1
#define HAVE_STDINT_H 1
#define HAVE_UNISTD_H 1
#define HAVE_UNISTD_H 1
#define HAVE_GETOPT_LONG 1
#define HAVE_STRSTR 1
#define HAVE_STRERROR 1
#define HAVE_STRDUP 1

configure: exit 0
